Flow report for mp4
Mon May  3 23:51:48 2021
Quartus Prime Version 18.1.0 Build 625 09/12/2018 SJ Standard Edition


---------------------
; Table of Contents ;
---------------------
  1. Legal Notice
  2. Flow Summary
  3. Flow Settings
  4. Flow Non-Default Global Settings
  5. Flow Elapsed Time
  6. Flow OS Summary
  7. Flow Log
  8. Flow Messages
  9. Flow Suppressed Messages



----------------
; Legal Notice ;
----------------
Copyright (C) 2018  Intel Corporation. All rights reserved.
Your use of Intel Corporation's design tools, logic functions 
and other software and tools, and its AMPP partner logic 
functions, and any output files from any of the foregoing 
(including device programming or simulation files), and any 
associated documentation or information are expressly subject 
to the terms and conditions of the Intel Program License 
Subscription Agreement, the Intel Quartus Prime License Agreement,
the Intel FPGA IP License Agreement, or other applicable license
agreement, including, without limitation, that your use is for
the sole purpose of programming logic devices manufactured by
Intel and sold by Intel or its authorized distributors.  Please
refer to the applicable agreement for further details.



+-------------------------------------------------------------------------------------+
; Flow Summary                                                                        ;
+-----------------------------------+-------------------------------------------------+
; Flow Status                       ; Successful - Mon May  3 23:51:48 2021           ;
; Quartus Prime Version             ; 18.1.0 Build 625 09/12/2018 SJ Standard Edition ;
; Revision Name                     ; mp4                                             ;
; Top-level Entity Name             ; mp4                                             ;
; Family                            ; Arria II GX                                     ;
; Device                            ; EP2AGX45DF29I3                                  ;
; Timing Models                     ; Final                                           ;
; Logic utilization                 ; 98 %                                            ;
;     Combinational ALUTs           ; 14,578 / 36,100 ( 40 % )                        ;
;     Memory ALUTs                  ; 0 / 18,050 ( 0 % )                              ;
;     Dedicated logic registers     ; 25,286 / 36,100 ( 70 % )                        ;
; Total registers                   ; 28780                                           ;
; Total pins                        ; 165 / 404 ( 41 % )                              ;
; Total virtual pins                ; 0                                               ;
; Total block memory bits           ; 0 / 2,939,904 ( 0 % )                           ;
; DSP block 18-bit elements         ; 0 / 232 ( 0 % )                                 ;
; Total GXB Receiver Channel PCS    ; 0 / 8 ( 0 % )                                   ;
; Total GXB Receiver Channel PMA    ; 0 / 8 ( 0 % )                                   ;
; Total GXB Transmitter Channel PCS ; 0 / 8 ( 0 % )                                   ;
; Total GXB Transmitter Channel PMA ; 0 / 8 ( 0 % )                                   ;
; Total PLLs                        ; 0 / 4 ( 0 % )                                   ;
; Total DLLs                        ; 0 / 2 ( 0 % )                                   ;
+-----------------------------------+-------------------------------------------------+


+-----------------------------------------+
; Flow Settings                           ;
+-------------------+---------------------+
; Option            ; Setting             ;
+-------------------+---------------------+
; Start date & time ; 05/03/2021 23:26:55 ;
; Main task         ; Compilation         ;
; Revision Name     ; mp4                 ;
+-------------------+---------------------+


+------------------------------------------------------------------------------------------------------------------------------+
; Flow Non-Default Global Settings                                                                                             ;
+--------------------------------------+----------------------------------------+---------------+-------------+----------------+
; Assignment Name                      ; Value                                  ; Default Value ; Entity Name ; Section Id     ;
+--------------------------------------+----------------------------------------+---------------+-------------+----------------+
; COMPILER_SIGNATURE_ID                ; 233845176327144.162010241313702        ; --            ; --          ; --             ;
; EDA_DESIGN_INSTANCE_NAME             ; NA                                     ; --            ; --          ; mp4_tb         ;
; EDA_NATIVELINK_SIMULATION_TEST_BENCH ; mp4_tb                                 ; --            ; --          ; eda_simulation ;
; EDA_OUTPUT_DATA_FORMAT               ; Systemverilog Hdl                      ; --            ; --          ; eda_simulation ;
; EDA_SIMULATION_TOOL                  ; ModelSim-Altera (SystemVerilog)        ; <None>        ; --          ; --             ;
; EDA_TEST_BENCH_ENABLE_STATUS         ; TEST_BENCH_MODE                        ; --            ; --          ; eda_simulation ;
; EDA_TEST_BENCH_FILE                  ; hvl/magic_dual_port.sv                 ; --            ; --          ; mp4_tb         ;
; EDA_TEST_BENCH_FILE                  ; hvl/param_memory.sv                    ; --            ; --          ; mp4_tb         ;
; EDA_TEST_BENCH_FILE                  ; hvl/rvfi_itf.sv                        ; --            ; --          ; mp4_tb         ;
; EDA_TEST_BENCH_FILE                  ; hvl/rvfimon.v                          ; --            ; --          ; mp4_tb         ;
; EDA_TEST_BENCH_FILE                  ; hvl/shadow_memory.sv                   ; --            ; --          ; mp4_tb         ;
; EDA_TEST_BENCH_FILE                  ; hvl/source_tb.sv                       ; --            ; --          ; mp4_tb         ;
; EDA_TEST_BENCH_FILE                  ; hvl/tb_itf.sv                          ; --            ; --          ; mp4_tb         ;
; EDA_TEST_BENCH_FILE                  ; hvl/top.sv                             ; --            ; --          ; mp4_tb         ;
; EDA_TEST_BENCH_MODULE_NAME           ; mp4_tb                                 ; --            ; --          ; mp4_tb         ;
; EDA_TEST_BENCH_NAME                  ; mp4_tb                                 ; --            ; --          ; eda_simulation ;
; EDA_TIME_SCALE                       ; 1 ps                                   ; --            ; --          ; eda_simulation ;
; MAX_CORE_JUNCTION_TEMP               ; 100                                    ; --            ; --          ; --             ;
; MIN_CORE_JUNCTION_TEMP               ; -40                                    ; --            ; --          ; --             ;
; PARTITION_COLOR                      ; -- (Not supported for targeted family) ; --            ; --          ; Top            ;
; PARTITION_FITTER_PRESERVATION_LEVEL  ; -- (Not supported for targeted family) ; --            ; --          ; Top            ;
; PARTITION_NETLIST_TYPE               ; -- (Not supported for targeted family) ; --            ; --          ; Top            ;
; POWER_BOARD_THERMAL_MODEL            ; None (CONSERVATIVE)                    ; --            ; --          ; --             ;
; POWER_PRESET_COOLING_SOLUTION        ; 23 MM HEAT SINK WITH 200 LFPM AIRFLOW  ; --            ; --          ; --             ;
; PROJECT_OUTPUT_DIRECTORY             ; output_files                           ; --            ; --          ; --             ;
+--------------------------------------+----------------------------------------+---------------+-------------+----------------+


+--------------------------------------------------------------------------------------------------------------------------+
; Flow Elapsed Time                                                                                                        ;
+----------------------+--------------+-------------------------+---------------------+------------------------------------+
; Module Name          ; Elapsed Time ; Average Processors Used ; Peak Virtual Memory ; Total CPU Time (on all processors) ;
+----------------------+--------------+-------------------------+---------------------+------------------------------------+
; Analysis & Synthesis ; 00:03:26     ; 1.0                     ; 1498 MB             ; 00:03:13                           ;
; Fitter               ; 00:13:26     ; 1.4                     ; 3033 MB             ; 00:23:17                           ;
; Assembler            ; 00:00:27     ; 1.0                     ; 1161 MB             ; 00:00:17                           ;
; Timing Analyzer      ; 00:00:50     ; 2.0                     ; 1622 MB             ; 00:00:42                           ;
; EDA Netlist Writer   ; 00:03:54     ; 1.0                     ; 1542 MB             ; 00:01:05                           ;
; Total                ; 00:22:03     ; --                      ; --                  ; 00:28:34                           ;
+----------------------+--------------+-------------------------+---------------------+------------------------------------+


+-------------------------------------------------------------------------------------------------+
; Flow OS Summary                                                                                 ;
+----------------------+---------------------------+--------------+--------------+----------------+
; Module Name          ; Machine Hostname          ; OS Name      ; OS Version   ; Processor type ;
+----------------------+---------------------------+--------------+--------------+----------------+
; Analysis & Synthesis ; linux-a2.ews.illinois.edu ; CentOS Linux ; CentOS Linux ; x86_64         ;
; Fitter               ; linux-a2.ews.illinois.edu ; CentOS Linux ; CentOS Linux ; x86_64         ;
; Assembler            ; linux-a2.ews.illinois.edu ; CentOS Linux ; CentOS Linux ; x86_64         ;
; Timing Analyzer      ; linux-a2.ews.illinois.edu ; CentOS Linux ; CentOS Linux ; x86_64         ;
; EDA Netlist Writer   ; linux-a2.ews.illinois.edu ; CentOS Linux ; CentOS Linux ; x86_64         ;
+----------------------+---------------------------+--------------+--------------+----------------+


------------
; Flow Log ;
------------
quartus_map --read_settings_files=on --write_settings_files=off mp4 -c mp4
quartus_fit --read_settings_files=off --write_settings_files=off mp4 -c mp4
quartus_asm --read_settings_files=off --write_settings_files=off mp4 -c mp4
quartus_sta mp4 -c mp4
quartus_eda --read_settings_files=off --write_settings_files=off mp4 -c mp4



