@00000060
17
05
00
00
97
05
00
00
17
06
00
00
13
00
00
00
13
00
00
00
13
00
00
00
13
00
00
00
13
00
00
00
13
00
00
00
13
00
00
00
83
20
85
2A
03
A1
05
2A
03
22
86
29
13
00
00
00
13
00
00
00
13
00
00
00
13
00
00
00
13
00
00
00
13
00
00
00
13
00
00
00
63
00
00
02
13
00
00
00
13
00
00
00
13
00
00
00
13
00
00
00
13
00
00
00
13
00
00
00
13
00
00
00
97
00
00
00
17
01
00
00
13
00
00
00
13
00
00
00
13
00
00
00
13
00
00
00
13
00
00
00
13
00
00
00
93
80
80
24
13
01
81
24
13
00
00
00
13
00
00
00
13
00
00
00
13
00
00
00
13
00
00
00
13
00
00
00
83
81
00
00
03
82
20
00
83
82
30
00
03
13
01
00
83
13
21
00
13
00
00
00
13
00
00
00
13
00
00
00
13
00
00
00
13
00
00
00
13
00
00
00
33
84
41
00
63
4C
60
0C
13
00
00
00
13
00
00
00
13
00
00
00
13
00
00
00
13
00
00
00
13
00
00
00
63
9E
82
0A
13
00
00
00
13
00
00
00
13
00
00
00
13
00
00
00
13
00
00
00
97
06
00
00
17
07
00
00
B3
81
20
00
B3
F2
40
00
13
C3
F0
FF
13
00
00
00
13
00
00
00
13
00
00
00
93
84
86
19
13
00
00
00
13
00
00
00
13
00
00
00
13
00
00
00
13
00
00
00
13
00
00
00
23
A0
64
00
83
23
47
19
B3
80
40
00
13
00
00
00
13
00
00
00
13
00
00
00
13
00
00
00
13
00
00
00
13
00
00
00
13
00
00
00
63
42
10
08
13
00
00
00
13
00
00
00
13
00
00
00
13
00
00
00
13
00
00
00
13
00
00
00
13
00
00
00
E3
0E
00
F6
13
00
00
00
13
00
00
00
13
00
00
00
13
00
00
00
13
00
00
00
13
00
00
00
13
00
00
00
97
07
00
00
13
00
00
00
13
00
00
00
13
00
00
00
13
00
00
00
13
00
00
00
13
00
00
00
13
00
00
00
83
A0
C7
0F
63
00
00
00
13
00
00
00
13
00
00
00
13
00
00
00
13
00
00
00
13
00
00
00
13
00
00
00
13
00
00
00
17
08
00
00
13
00
00
00
13
00
00
00
13
00
00
00
13
00
00
00
13
00
00
00
13
00
00
00
13
00
00
00
83
20
48
0B
63
00
00
00
13
00
00
00
13
00
00
00
13
00
00
00
13
00
00
00
13
00
00
00
13
00
00
00
13
00
00
00
00
00
00
00
00
00
00
00
00
00
00
00
00
00
00
00
00
00
00
00
00
00
00
00
00
00
00
00
00
00
00
00
00
00
00
00
00
00
00
00
00
00
00
00
00
00
00
00
00
00
00
00
00
00
00
00
00
00
00
00
00
00
00
00
00
00
00
00
00
00
00
00
00
00
00
00
00
00
00
00
00
00
00
00
00
00
00
00
00
00
00
00
00
00
00
00
01
00
00
00
02
00
00
00
FE
FF
FF
FF
01
00
00
00
0D
60
0D
60
DD
BA
DD
BA
01
02
03
04
FF
FF
20
00
