@00000003
FEFF0D3701A126230121282300912A2300812C2300112E23FE01011384000137
00040513C8C4849300003497BAD9091300BAE93739C4041300001417EFED0D13
C684041300003417FE9414E30204041300090D1300050463064080E700000097
00050463030080E70000009700040513A584849300005497BAD9091300BAE937
00DD0D13600D6D3700FD1663EFE78793FEFF07B7FE9414E30604041300090D13
22E6986300000793045007130015468300F70A6304E00793000547030000006F
0005041301412423013126230121282300912A2300812C2300112E23FE010113
00B4450300A7E7B30107979300A4478300F56533008515130095450300854783
008797930124478301144703000504931EC080E70000009700F5653301851513
0154478301444503010959130107991300F967B30087D7930087991300E7E7B3
01644703010A5A1301079A1300FA67B30087D79300879A1300A7E7B300879793
0109D9930107999300F9E7B30087D7930087999300E7E7B30087979301744783
01B4450300A7E7B30107979301A4478300F56533008515130194450301844783
00B767330107171301E4470300E5E5B30085959301D4458301C4470301851513
0005871300050613158080E70000009700E5E5B300F565330185959301F44583
000067970CA7F6630007A7830CB69A6300B6E8630047A683CF07879300006797
00F72023012787B300072783CBC707130000671700B7A22300A7A023CD478793
0009069300F71463412006B3042007930034470302E798630500071300244783
02E79663043007130340006F00F7202300D787B300072783C847071300006717
00072783C4C7071300006717412006B300F71463000906930530079300344703
00A007130027979340E787B300A747B341F557134144853300F7202300D787B3
0017C7930657A793FFE7879300E6946300100713013446830017979301377463
00C1298301012903014124830181240301C1208300078513000007930080006F
00E7E7B301851713018557930000806700078513000080670201011300812A03
00E5753300FF07370085151300E7E7B300D77733F0068693000106B700855713
01177733F0088893000108B70085D713018517930185D6930000806700A7E533
0185959300E6E6B300E6773300FF063700E66733018557130085961300E6E6B3
0085579300E7E7330185571300851E1300E37333FF00033700E5E73300855713
0000806700B7E5B30066E53301C675B300F767B3011877B300B7E83300058813
0000000000000000000000000000000000000000000000000000000000000000
0000000000000000000000000000000000000000000000000000000000000000
0000000000000000000000000000000000000000000000000000000000000000
0000000000000000000000000000000000000000000000000000000000000000
0000000000000000000000000000000000000000000000000000000000000000
0000000000000000000000000000000000000000000000000000000000000000
0000000000000000000000000000000000000000000000000000000000000000
0000000000000000000000000000000000000000000000000000000000000000
0000000000000000000000000000000000000000000000000000000000000000
0000000000000000000000000000000000000000000000000000000000000000
0000000000000000000000000000000000000000000000000000000000000000
0000000000000000000000000000000000000000000000000000000000000000
0000000000000000000000000000000000000000000000000000000000000000
0000000000000000000000000000000000000000000000000000000000000000
0000000000000000000000000000000000000000000000000000000000000000
0000000000000000000000000000000000000000000000000000000000000000
0000000000000000000000000000000000000000000000000000000000000000
0000000000000000000000000000000000000000000000000000000000000000
0000000000000000000000000000000000000000000000000000000000000000
0000000000000000000000000000000000000000000000000000000000000000
0000000000000000000000000000000000000000000000000000000000000000
0000000000000000000000000000000000000000000000000000000000000000
0000000000000000000000000000000000000000000000000000000000000000
0000000000000000000000000000000000000000000000000000000000000000
0000000000000000000000000000000000000000000000000000000000000000
0000000000000000000000000000000000000000000000000000000000000000
0000000000000000000000000000000000000000000000000000000000000000
0000000000000000000000000000000000000000000000000000000000000000
0000000000000000000000000000000000000000000000000000000000000000
0000000000000000000000000000000000000000000000000000000000000000
0000000000000000000000000000000000000000000000000000000000000000
0000000000000000000000000000000000000000000000000000000000000000
0000000000000000000000000000000000000000000000000000000000000000
0000000000000000000000000000000000000000000000000000000000000000
0000000000000000000000000000000000000000000000000000000000000000
0000000000000000000000000000000000000000000000000000000000000000
0000000000000000000000000000000000000000000000000000000000000000
0000000000000000000000000000000000000000000000000000000000000000
0000000000000000000000000000000000000000000000000000000000000000
0000000000000000000000000000000000000000000000000000000000000000
0000000000000000000000000000000000000000000000000000000000000000
0000000000000000000000000000000000000000000000000000000000000000
0000000000000000000000000000000000000000000000000000000000000000
0000000000000000000000000000000000000000000000000000000000000000
0000000000000000000000000000000000000000000000000000000000000000
0000000000000000000000000000000000000000000000000000000000000000
0000000000000000000000000000000000000000000000000000000000000000
0000000000000000000000000000000000000000000000000000000000000000
0000000000000000000000000000000000000000000000000000000000000000
0000000000000000000000000000000000000000000000000000000000000000
0000000000000000000000000000000000000000000000000000000000000000
0000000000000000000000000000000000000000000000000000000000000000
0000000000000000000000000000000000000000000000000000000000000000
0000000000000000000000000000000000000000000000000000000000000000
0000000000000000000000000000000000000000000000000000000000000000
0000000000000000000000000000000000000000000000000000000000000000
0000000000000000000000000000000000000000000000000000000000000000
0000000000000000000000000000000000000000000000000000000000000000
0000000000000000000000000000000000000000000000000000000000000000
0000000000000000000000000000000000000000000000000000000000000000
0000000000000000000000000000000000000000000000000000000000000000
0000000000000000000000000000000000000000000000000000000000000000
0000000000000000000000000000000000000000000000000000000000000000
0000000000000000000000000000000000000000000000000000000000000000
0000000000000000000000000000000000000000000000000000000000000000
0000000000000000000000000000000000000000000000000000000000000000
0000000000000000000000000000000000000000000000000000000000000000
0000000000000000000000000000000000000000000000000000000000000000
0000000000000000000000000000000000000000000000000000000000000000
0000000000000000000000000000000000000000000000000000000000000000
0000000000000000000000000000000000000000000000000000000000000000
0000000000000000000000000000000000000000000000000000000000000000
0000000000000000000000000000000000000000000000000000000000000000
0000000000000000000000000000000000000000000000000000000000000000
0000000000000000000000000000000000000000000000000000000000000000
0000000000000000000000000000000000000000000000000000000000000000
0000000000000000000000000000000000000000000000000000000000000000
0000000000000000000000000000000000000000000000000000000000000000
0000000000000000000000000000000000000000000000000000000000000000
0000000000000000000000000000000000000000000000000000000000000000
0000000000000000000000000000000000000000000000000000000000000000
0000000000000000000000000000000000000000000000000000000000000000
0000000000000000000000000000000000000000000000000000000000000000
0000000000000000000000000000000000000000000000000000000000000000
0000000000000000000000000000000000000000000000000000000000000000
0000000000000000000000000000000000000000000000000000000000000000
0000000000000000000000000000000000000000000000000000000000000000
0000000000000000000000000000000000000000000000000000000000000000
0000000000000000000000000000000000000000000000000000000000000000
0000000000000000000000000000000000000000000000000000000000000000
0000000000000000000000000000000000000000000000000000000000000000
0000000000000000000000000000000000000000000000000000000000000000
0000000000000000000000000000000000000000000000000000000000000000
0000000000000000000000000000000000000000000000000000000000000000
0000000000000000000000000000000000000000000000000000000000000000
0000000000000000000000000000000000000000000000000000000000000000
0000000000000000000000000000000000000000000000000000000000000000
0000000000000000000000000000000000000000000000000000000000000000
0000000000000000000000000000000000000000000000000000000000000000
0000000000000000000000000000000000000000000000000000000000000000
0000000000000000000000000000000000000000000000000000000000000000
0000000000000000000000000000000000000000000000000000000000000000
0000000000000000000000000000000000000000000000000000000000000000
0000000000000000000000000000000000000000000000000000000000000000
0000000000000000000000000000000000000000000000000000000000000000
0000000000000000000000000000000000000000000000000000000000000000
0000000000000000000000000000000000000000000000000000000000000000
0000000000000000000000000000000000000000000000000000000000000000
0000000000000000000000000000000000000000000000000000000000000000
0000000000000000000000000000000000000000000000000000000000000000
0000000000000000000000000000000000000000000000000000000000000000
0000000000000000000000000000000000000000000000000000000000000000
0000000000000000000000000000000000000000000000000000000000000000
0000000000000000000000000000000000000000000000000000000000000000
0000000000000000000000000000000000000000000000000000000000000000
0000000000000000000000000000000000000000000000000000000000000000
0000000000000000000000000000000000000000000000000000000000000000
0000000000000000000000000000000000000000000000000000000000000000
0000000000000000000000000000000000000000000000000000000000000000
0000000000000000000000000000000000000000000000000000000000000000
0000000000000000000000000000000000000000000000000000000000000000
0000000000000000000000000000000000000000000000000000000000000000
0000000000000000000000000000000000000000000000000000000000000000
0000000000000000000000000000000000000000000000000000000000000000
0000000000000000000000000000000000000000000000000000000000000000
0000000000000000000000000000000000000000000000000000000000000000
0000000000000000000000000000000000000000000000000000000000000000
0000000000000000000000000000000000000000000000000000000000000000
0000000000000000000000000000000000000000000000000000000000000000
A26EC1B519EB05000C00EB0D021C002020495457F70D000022CF9D5E4250454E
BA17D7542A5506000300DA05020F00204C504141CB05000025CF9D5E5350454E
52B7AF51739807000200610A011E0020205850536E0A00002BCF9D5E4250454E
F439053EB25D09000700CB29020F00204C504141C629000030CF9D5E4243454E
5BFEDC7A51840A000B00832301230020205850537B23000039CF9D5E5350454E
17180A6AC4ED0A0006002E0302220020205950532F0300003ECF9D5E4243454E
9E396BA975380D0009004714011B0020205950534614000042CF9D5E5350454E
27E7210AE88112000700452A0105002020595053482A00004BCF9D5E4243454E
F60875D68CC013000A00870001070020584C464E7A0000004ECF9D5E4250454E
86F8140E48A815000400FB2D0104004C474F4F47F62D000058CF9D5E5343454E
93BB40A9BE5D17000C0057300122004C474F4F474C30000061CF9D5E4250454E
01BE8CB947F81A0009006634011400204C504141793400006DCF9D5E4250454E
C7ABB89AE743210004006D1E011900204C504141641E00007BCF9D5E4243454E
32E9388239D7210009002C0D021B00204C5041411F0D000084CF9D5E4250454E
386CEF4BC4DB22000800800601090020584C464E7C0600008ECF9D5E5343454E
7CAB4747307923000D000218020E0020205850530E18000097CF9D5E5343454E
EF98417A5E2328000500C9240113002020204D59C9240000ABCF9D5E4243454E
331996CC4DAB29000D00CB0001180020584C464ECE000000AFCF9D5E5350454E
7AB5246AFE6C2D000500421D02200020202053454A1D0000B6CF9D5E4243454E
4C15CCEFB6E230000800920D012300204C504141830D0000B9CF9D5E4250454E
2F11ED69BF1234000D008A0C01230020202053458C0C0000C1CF9D5E4250454E
84111C93B7C3340005005C190107002020204D594C190000C9CF9D5E5350454E
2694F926955E37000500F439021D002020205345F5390000CFCF9D5E4243454E
074ADB89A7953A0005000B03011400202020534501030000D2CF9D5E5343454E
44FD9B8C623E3C000800FE1F02210020584C464E00200000DCCF9D5E5343454E
943D8302391B3D000600391D021400204C504141371D0000E6CF9D5E4243454E
7B7AD81A37243E0008002D2F012300204C504141322F0000EBCF9D5E5350454E
30FE93CAC446410004006D05011E0020205950536B050000F2CF9D5E4250454E
ECA945BCAEB6420007000D13020D00202058505304130000FBCF9D5E5350454E
C49848ED3B0E490003001E2E01070020584C464E192E00000CD09D5E5343454E
A584748922794B0008009D2E020B002020204D598B2E000015D09D5E4250454E
F5B745CF36464E000500782701120020202053458C2700001CD09D5E4250454E
590C9A2C4E5A50000300221901130020202053451D19000026D09D5E4250454E
3BC27204E798510005002D050107002020202046220500002AD09D5E4243454E
A22F5D4122F954000300042701140020204954571427000034D09D5E5350454E
1A359C8A58DF56000600170B01090020584C464E050B000044D09D5E5350454E
098BA727652D5A000500E3010107002020585053E90100004DD09D5E4250454E
303DC4E0DE985A000500512F0109002020595053462F000054D09D5E4250454E
0690053A27885C000300F7090212004C474F4F47E70900005BD09D5E5343454E
F20C0B73986060000D000726021500204C504141FD25000063D09D5E5343454E
59D366F89FDE60000800D735011F002020495457E835000068D09D5E5350454E
4F1D456744056300070095290221002020495457A42900006DD09D5E5350454E
79B70A0BDE2F65000400EB11021D00204C504141E211000076D09D5E5343454E
787EB08E8EAD67000B000F34010B002020202046133400007BD09D5E4243454E
26CB93D4FB1D6A000C00F835021000204C504141F435000085D09D5E5350454E
03A9358C80E86B000A00D30E0204002020585053E00E00008DD09D5E4250454E
6025FDAD306D71000400B235010E004C474F4F47A23500009ED09D5E4250454E
407B2E559D0D72000D00B4250109002020585053BC250000A4D09D5E5343454E
6A9DCB57986D72000800BD26021300204C504141B6260000ABD09D5E4250454E
6EFF664F29F0750006007023010F0020205950536C230000B4D09D5E5350454E
B99BB590611B79000D007C3902040020205950537B390000BAD09D5E4243454E
3A67D04B32617C000B00D802010500204C504141CC020000C2D09D5E5350454E
8DBBBDE95AC47C000A008407021A0020204954578F070000C6D09D5E4243454E
B1280E2923FC7D000D0026150220002020204D591E150000C9D09D5E5350454E
05EB4F7DDF5F7E0008006A32021A00202049545773320000D0D09D5E5343454E
EB4015FE5AE0800002009823021400202020534588230000D7D09D5E4250454E
6C9C58E7FF4E820004009404010C0020202053459C040000E0D09D5E4243454E
4EDBCBBA412485000500E7020106002020585053F6020000E7D09D5E4250454E
66BD7B14F32A870009002B2D010C0020205950531F2D0000EFD09D5E5350454E
9F20A940189587000A003316021E00202059505343160000F7D09D5E5350454E
4C550FA829BB88000700600D02120020204954575C0D0000FBD09D5E4250454E
A6D660B07ECE8A0002007810011A0020204954577810000005D19D5E5343454E
7135EC3710F38B000800C00F0116004C474F4F47B30F00000BD19D5E5343454E
ABFC21627A3E8E000500F7240113002020495457FF24000012D19D5E5343454E
0E71F71573448F000700882D020F002020204D59852D00001CD19D5E5343454E
310378534A6F90000300FF36021F004C474F4F47F836000025D19D5E5343454E
F42A0B72C7E492000800F4100215002020585053061100002DD19D5E5350454E
DB22D20E96F793000B006E370205004C474F4F476A3700003AD19D5E5350454E
35E86070729A990002000E2E02180020205850530B2E000045D19D5E4243454E
B986A52C46A79C0009008224010F0020204954577624000049D19D5E4250454E
ABC87BA420F79E0005005621011B004C474F4F474F21000053D19D5E5350454E
35273985007FA1000A008A09021E004C474F4F477D0900005CD19D5E4250454E
C721DC44EA96A4000500BA330218002020205345B133000063D19D5E5350454E
118D0166100EA5000300BC0F0216002020202046CB0F00006DD19D5E4243454E
2F9176183475A50006009004010700204C5041418504000074D19D5E4250454E
84089E39F630A6000700951201230020202053458B1200007BD19D5E5350454E
A9FD19BB4502A80007004006021B0020202020464506000083D19D5E4250454E
E03818329B68AA000700192A0203002020595053182A000086D19D5E4243454E
2F1673724BE9AC000B005A19020700204C5041416619000090D19D5E4250454E
A1C8DA86AEB2AD000500ED2802230020584C464EEC28000099D19D5E5350454E
106F344C40BAAE000200CB140205002020204D59BE1400009ED19D5E4243454E
4E737DA4F135AF0004008834021E00202020204686340000A2D19D5E5350454E
85F2BE3E85DAB10004002A3A021C004C474F4F47333A0000A7D19D5E5343454E
4D9DA2A45DE0B4000600FD15010C004C474F4F4701160000AFD19D5E4250454E
93FF6E88D4B2B500020099070216004C474F4F4788070000B8D19D5E4243454E
C2ECB0519A07B90009007729010A0020202053458B290000C1D19D5E5343454E
E84B291B1ED3B9000B00DE250103002020202046DE250000C9D19D5E4250454E
9A6F7F4D87BDBB000800E518020E0020584C464EF3180000CCD19D5E5343454E
94F90131A4BEBD0002001B01011A0020205850532C010000D3D19D5E5343454E
3A3ECD988EEEC0000600BA320215002020595053A9320000DAD19D5E5350454E
D3CA8DB41509C3000600452F0122002020595053452F0000E3D19D5E4243454E
3CF5DB35136DC4000200C923021B002020595053C8230000E6D19D5E4250454E
2196E7D23A13C5000D00132C01130020202053451F2C0000EBD19D5E5350454E
136615A5EDE5C5000B0094270207002020204D598B270000F0D19D5E5343454E
FB6707FAD1EDC8000700672E02100020584C464E6B2E0000F7D19D5E5350454E
76B48FC951A7CA000C002A25010800202059505335250000FFD19D5E4243454E
04BBD140BDFBCC000B004E25010300204C5041414C25000009D29D5E4250454E
1AE5648FED78CD00070051180114002020495457601800000DD29D5E4243454E
B65CC83EC79DCE0002002428021C0020205950532328000016D29D5E5343454E
252F51608059D10006009B0E010F00204C504141AB0E000019D29D5E5343454E
D0A1D6E37D30D4000700E922010A002020595053F62200001FD29D5E4243454E
9B8136112FEBD6000A00D305010B002020595053DB05000028D29D5E4250454E
9CC84E68B77BD9000C004627022000204C5041414427000031D29D5E4250454E
A18B7F87615ADC0002009C040105004C474F4F478C04000035D29D5E5343454E
23255DD67310DF000400B4290213004C474F4F47B62900003BD29D5E5350454E
3EBBA3FB96A2E1000D00D52A011E002020595053D32A000044D29D5E4250454E
E43D9008AA1DE5000A0099360220004C474F4F47A03600004CD29D5E4250454E
4062CB63A545E8000D00AE0602080020584C464EA706000051D29D5E5343454E
CAE209D99AC5EB0007002929021500204C5041411629000054D29D5E5343454E
71DBF561A301ED000700D626011B002020585053EA26000057D29D5E4250454E
C7931299CEDDED000C00AA1C01140020204954579E1C000060D29D5E4250454E
1FB9D2A64F7FEF0008004823020A002020204D593D23000066D29D5E4243454E
54351B4001E2EF000B00CE3701210020584C464EC53700006AD29D5E4243454E
F1F2795AB0F9F2000200E125010D0020584C464ED625000071D29D5E5343454E
DF03AA8FC47EF500070023280209002020204D591428000075D29D5E4250454E
054BE06A8A96F7000800713A010C002020204D59853A000078D29D5E5343454E
6B45D5B19FB9F8000700A210021E002020204D59911000007FD29D5E5350454E
3DC05B59CD3BFB0008009134020C004C474F4F47A534000083D29D5E4250454E
2477D977F186FF000700BB21011A002020495457BD21000091D29D5E5343454E
C43562C4629E03010C00923A0207002020202046953A00009AD29D5E5343454E
B5E38A34E75A060103009E2B0218002020595053B22B0000A1D29D5E4243454E
81077D35782A08010A003520010700202049545726200000AED29D5E4243454E
0F20DBE0B6890B010200201E0203002020204D59221E0000B8D29D5E4243454E
3E4389D8467B0C010500463A011900204C5041413E3A0000BCD29D5E42437551
90496AA1A6F70C010B00F9320120002020205345FA320000C1D29D5E5350454E
3C28BADBE24E0E0105002E09020500204C50414130090000C4D29D5E5343454E
7C2E4F42DCEF0E010A007833020E00202020204687330000CED29D5E53507658
BCADD8D245AE0F010400671C01030020584C464E7B1C0000D4D29D5E5350454E
CF4B80152422120104003630011F00204C50414127300000DAD29D5E4243454E
B1643354FB5613010600181A011E00204C504141081A0000DDD29D5E5350454E
973BA1BDB17517010C00A438020D002020585053A2380000EAD29D5E4250454E
7EBA118C761F18010300C51D0117002020202046C21D0000F4D29D5E4243454E
5FB3F954EE8E180103003323020C002020204D5933230000FBD29D5E4243454E
E3B55E66CA111B010C00952C02040020584C464E942C0000FED29D5E4243454E
2F3414BC42521E010500A2020218002020595053AE02000004D39D5E4250454E
C00E79F4BB7622010700A30C021C002020205345A00C00000ED39D5E53437542
220F8903FBD6220105006D010203002020204D596901000016D39D5E4243454E
291109788988250103003F0D0103002020202046390D000020D39D5E4250454E
6EB95612E7B928010D0067000117002020204D596C0000002AD39D5E5343454E
04678861FFCD29010600D200010400204C504141E10000002FD39D5E5343454E
7E3A8AD9A0162C010400472701220020202020463B27000035D39D5E4250454E
6E47FB8730502F0107005C3302070020205850536C3300003FD39D5E5343454E
C5E7E8B1B3B1300106002D05020E0020204954571905000045D39D5E4250454E
DF67ABCCB14E360104009A2B02200020202020468E2B000051D39D5E4243454E
0B818F95F7763901090042260220004C474F4F473826000054D39D5E4243454E
19CD3FDBC3AC3B010D00BF10021E002020595053C410000059D39D5E5343454E
FD415A1239793D010800A80E01030020205850539E0E00005FD39D5E5350454E
6DC5689E32A83F0105001517021C00204C5041410C17000064D39D5E4243454E
47B098DD27B242010900782A01190020202053456B2A000067D39D5E4243454E
D587B29A10AF45010A00BB2B0219002020595053BA2B000070D39D5E5350454E
74569F4E16BB470105000425011C0020205950531225000074D39D5E5343454E
F2F475AA2F5948010400D1190113002020204D59D519000078D39D5E5343454E
226F4FD213FD48010200A4170114002020202046A61700007FD39D5E5350454E
F6C93B1EE1914A010700671B02060020205850536C1B000085D39D5E5343454E
1BAC3CB6CEA54C010400AA330123002020595053993300008DD39D5E5350454E
4F69EF03EB364E010A008B2B020F0020204954577B2B000090D39D5E4250454E
82ADB70561DC4F010B00201B02080020204954571F1B000095D39D5E53507953
0406282ED3CF510102001B390103004C474F4F471A3900009FD39D5E4250454E
59F8DB7A7A3D57010700D42B010B002020495457E02B0000B3D39D5E5343454E
60C9A6F0552C5A010500C8330213002020204D59D7330000BCD39D5E5350454E
31C698FE40FD5B0102007E23012000204C5041416B230000C1D39D5E5350454E
481A8309FDC75D0107003918021700202020204632180000C5D39D5E5343454E
B1CBDB5E8E905E010A00421102130020205850534A110000CFD39D5E4250454E
50D02B2EF4A15F0108002102010300204C50414122020000D9D39D5E5343454E
0DDD2D7FFC53600107007C3302220020204954577C330000DED39D5E53437757
E508EEE31D4F620103009036020F0020584C464E89360000E8D39D5E5350454E
EEB75DAAF90C64010A00A611021E00204C50414193110000ECD39D5E4250454E
88F3106734F666010600171B0210004C474F4F47231B0000F3D39D5E4250454E
95472B6F590E6B010B004D0502050020202053454D050000FDD39D5E4243454E
6FDAD6FDC8076D010600822B02180020202020468B2B000001D49D5E5350454E
ED78EA6341BB6D010600FA200213004C474F4F470321000005D49D5E4250454E
C5919776B4C670010300FB390109002020204D59FF3900000FD49D5E4243454E
71B878211EF4720103003E2C022300204C504141522C000019D49D5E5343454E
A6DFC0C4198E75010B003D14020F0020205850534714000028D49D5E5350454E
38B4A8EA381177010D00DE300204002020205345E53000002FD49D5E5343454E
D09F430C895D790103007D3101070020205950538231000039D49D5E4250454E
33C7E3785CC779010600280C01110020205950533C0C000043D49D5E5343454E
F7FB8D7B25C47A010200721202160020205950538312000048D49D5E53437955
78108BA770D77B010A00A01601040020202053459316000052D49D5E4250454E
3D8E51E132DE7D0108006E37011C0020205950536D3700005CD49D5E4243454E
4519F61338F07E010800431D011A002020495457421D000066D49D5E5343454E
54A3812C8F84810108009B3902050020205950539E39000070D49D5E4250454E
748957BABFCB82010D00D0240215002020205345CE24000074D49D5E4243454E
4BC897C1204184010400AE15021F002020585053A015000078D49D5E5343454E
F7811B930A7587010C00861E010400204C504141821E00007DD49D5E4243454E
8E712518F6F88A010800041802090020202053450B18000080D49D5E5350454E
9FD090C3925B8D010300731401200020204954578714000087D49D5E4243454E
CE570A2447528E010800BB1C012200204C504141AA1C000091D49D5E4243454E
FEFF1824930891010400652A0208002020204D59622A000098D49D5E5343454E
266AF63A1DED91010200B20D021E002020495457A80D0000A2D49D5E4243454E
C37D5628FD4093010D00990A011D0020584C464E920A0000ABD49D5E4250454E
B4B2480E3074940103001D1E02130020204954572D1E0000B4D49D5E4250454E
F2F99B21A78E97010500CB23021F002020585053D1230000BAD49D5E4243454E
37C6FF0500B19A010D002A30011C002020204D5928300000C3D49D5E4243454E
1FB6BE04DE0F9C01050094170214002020204D5980170000CAD49D5E4243454E
0CECDBAE962F9E010300D11C0210002020202046CC1C0000D4D49D5E4243454E
4138FC67B0909E0102000A0C021C002020595053010C0000DBD49D5E5343454E
149C7AAC2216A0010800E60A0213002020202046EA0A0000E4D49D5E4250454E
2CD383487AE1A0010200F92F010600204C504141F92F0000E7D49D5E4243454E
713A3C1E8A75A1010400D302010F002020204D59DB020000EDD49D5E4250454E
8D7AF51658F5A2010800292F02050020204954573B2F0000F0D49D5E5350454E
873DC7191538A4010600F4080103004C474F4F47EE080000F5D49D5E5350454E
558D8680E878A501080086050223002020204D598E050000F9D49D5E4250454E
1BB3D8B277E3A5010900DE1102060020584C464EEC11000002D59D5E4243454E
BB316D2DFA8DA80104002C240117004C474F4F472D24000007D59D5E4243454E
23127D7EDD7EAB010D00F02D0214002020204D59E82D00000CD59D5E4250454E
FD98EA235DB6AD010900F11A021A002020495457041B000010D59D5E5350454E
D27279A0C1C9B0010800EC140213002020205345DF1400001CD59D5E4243454E
567792A14474B2010A00052301090020584C464E092300001FD59D5E4243454E
2F82E256A8E6B20107007202020A0020205850537602000029D59D5E5350454E
FFE201C4358BB5010700F20F021C0020584C464EFA0F000033D59D5E4250454E
2864613F3483B701040091130220004C474F4F479213000038D59D5E4243454E
DA7F6094FE74BC010A00BB1F0206002020595053B51F000044D59D5E4250454E
1145CCD9ACA4BE010A00C800011800204C504141BF00000048D59D5E5350454E
63F04FFCA707C1010500B6320113002020205345B43200004BD59D5E4250454E
DCD8E9ADC372C1010D00A03501110020584C464E9C35000053D59D5E4243454E
6BB19A3FE265C2010800B90402090020584C464EAB04000057D59D5E5343454E
A3F304065448C4010300B2180113004C474F4F47C518000061D59D5E5350454E
A8CE61490DA8C5010800690F011B004C474F4F475A0F000069D59D5E5343454E
1749E4DDB052C6010B006D290206002020204D59682900006CD59D5E4250454E
CD40EE57D7CFC6010B00AF1802060020584C464EA81800006FD59D5E5343454E
BEE05A28E97CC9010A00983101190020205850539F31000077D59D5E4243454E
9317D604850BCC010300903402060020205950538434000081D59D5E4243454E
709E3515A8C2CD010A00832301150020584C464E892300008BD59D5E4250454E
507916DC384DCF010700F3030106002020595053E603000092D59D5E5343454E
2FE31D9E0EFFD4010A00A02D021D002020204D59A92D00009FD59D5E5350454E
6FEE2CA40E2AD7010900CC01011D002020585053C9010000A6D59D5E5350454E
DB1C91F3BFBBD90102001A0B0112002020585053070B0000ADD59D5E5343454E
4B4FC1A549B9DE010B007D0402190020584C464E84040000B6D59D5E4250684D
6A9CEB93146FE0010B000A05021200204C50414102050000BBD59D5E4243454E
CCE00E1D94D3E20109008028010F00202058505374280000C0D59D5E4243454E
37B37C5A6B4DE6010D00FC2F020F002020585053F12F0000C9D59D5E4250454E
FA5C8B185CB3EA010600DD1F0118002020595053D51F0000D4D59D5E4243454E
B233B56C4792EC010200FF1402030020584C464EFE140000D7D59D5E5350454E
258062F2CD22EF010800D417021B004C474F4F47DE170000DDD59D5E5343454E
FF8833B677C3EF010300A22402100020584C464EA7240000E6D59D5E5350454E
5AADF08CB996F20107004131020E004C474F4F4741310000E9D59D5E4250454E
CE04B4DC3930F5010A00BF110219004C474F4F47B8110000F1D59D5E4250454E
5DA0F74A2D8FF70106001F0F0109002020202046320F0000FAD59D5E4250454E
A93C3E760B32F9010A00BC16011E004C474F4F47BA16000004D69D5E4243454E
834758E932C9F9010D008A31011F0020202020468A3100000BD69D5E4243454E
65CF460E9705FC010900C325010C0020584C464EBE25000010D69D5E4250454E
1C98C2A09A4CFD010200D536020B002020595053D936000019D69D5E5343454E
7BB5A35D4B8CFF010200341202060020205950532B1200001DD69D5E5350454E
4E25F0768A5A02020600A629010F004C474F4F47B129000021D69D5E4243454E
6C4F2ACCEC6A050203003E2A011C004C474F4F47402A00002BD69D5E5343454E
587F96BE1AC806020800310A011000204C504141420A000034D69D5E5350454E
1DE699D0E75909020600C417011A0020584C464EC017000042D69D5E4250454E
E3A27477A0D009020900090B0119004C474F4F47170B000046D69D5E4243454E
91147291C8880C0209001629021A00204C5041410429000049D69D5E4250454E
0B5BC5359C150F0208006523021200204C5041416F23000051D69D5E4250454E
110CC3DAB9A110020A00BD350220004C474F4F47C03500005BD69D5E4250454E
411E735E6719140204007D0002230020205950537B00000062D69D5E4250454E
F9CD6DB1857814020600A7020211002020495457AB02000066D69D5E5350454E
DB6AA19272E517020600AB330106002020585053A83300006BD69D5E5343454E
21A8B4CC8B4918020D00CA130211002020585053C213000074D69D5E5350454E
40401FD624761A020A005F200107002020204D596420000079D69D5E4250454E
A3B4D6130FEE1B020A00D30E0220004C474F4F47C30E00007CD69D5E4243454E
F91A407AB6861D020500441F020700204C504141411F000085D69D5E5343454E
7C500C1822781F0202002D18020B002020204D593C1800008CD69D5E4250454E
1160D22EDA5C20020B0067130121002020204D596013000094D69D5E5343454E
CAB0F4C051A9210205001109021B002020585053010900009ED69D5E4243454E
3A8F915293CA24020B00B90C0106002020202046BC0C0000A7D69D5E4250454E
87DBAA10663C25020200463A0220004C474F4F47463A0000ACD69D5E5350454E
255E0F8C0FBF27020A00581E0119002020204D59501E0000B6D69D5E4243454E
2F75C271BAD12A020C00470C021A002020204D594A0C0000BBD69D5E5350454E
CD10BEE1004B2D0206008021020E0020202020467C210000C4D69D5E5343454E
BE1EACBCD4F92F020600561F010F002020204D595F1F0000CAD69D5E5350454E
BF8D04D38C1D31020B00101E021A002020595053161E0000D0D69D5E4243454E
17A08E2B3D6632020C002D2801130020584C464E27280000E0D69D5E4250454E
D8E55C4E424533020800970D021E004C474F4F47930D0000E6D69D5E4250454E
98C1B23E7E0434020300A512021D002020495457AD120000EFD69D5E5343454E
7F9EDA0D2957350206008C32011B0020204954577A320000F6D69D5E5343454E
0B1C6D0175E1370203007F0601230020584C464E7B06000001D79D5E5343454E
B6F07C4B53C2380206000307021C002020595053FC06000006D79D5E53437944
09F8A07BCF953A0207003816010900204C504141421600000FD79D5E5343454E
09DAD292F5813B020400A0290103002020205345B229000017D79D5E53506648
9E32A6EA9DAC3C020200FD0E0114002020205345FF0E00001FD79D5E4250454E
EDA289E0984D3F020700231702150020205950532017000022D79D5E4243454E
381B166FA916410203000A1702150020584C464EF61600002AD79D5E5350454E
A40B7735AA3F42020500890E0204004C474F4F479C0E00002DD79D5E4250454E
EF4F52F1C2B542020400D617010800204C504141D317000036D79D5E5343454E
17B3AE0D75CC43020300EB210207002020595053F72100003DD79D5E5343454E
3C40C49DE37045020200B808021C002020585053C308000047D79D5E4243454E
82B62D4DD11E47020D00D8370206002020495457DA3700004ED79D5E4243454E
2DE783A9504D48020500B706020E002020585053B106000053D79D5E4250454E
BA5C77E945A54B020800A91F0112002020205345BB1F000058D79D5E5343454E
83586C282E704E020200B633011400204C504141C633000062D79D5E4243454E
F8BC62946BF851020900D40A0203004C474F4F47CF0A000066D79D5E4250454E
444FC72F8FA152020D003E20022000204C504141392000006AD79D5E5343454E
2428DAFB0BC353020B00CA080104002020595053D50800006FD79D5E5350454E
D95DC250841A55020800D81F0122002020595053DB1F000076D79D5E4243454E
C6C858CE187F56020A00050F010500204C504141F20E00007AD79D5E5343454E
338642A5C44D590206005211022200204C504141561100007DD79D5E4250454E
DA0042795F455C0206008E360107002020204D597E36000084D79D5E5350454E
59084E970AAD5C020200B91401160020584C464ECB1400008ED79D5E4243454E
EBD94DF773855F0205002D1D0217002020595053231D000098D79D5E5343454E
4027FE2F363F62020300EE2A0114002020202046F02A00009DD79D5E5343454E
93FE7340D56963020A009913021E002020204D599F130000A0D79D5E5343454E
B0DEE77382D5630202003B08021F004C474F4F472E080000A4D79D5E4250454E
C0BC7ABB46B169020C001D1101110020584C464E1D110000B5D79D5E4243454E
90314DA969126D020C00BF0B021F002020205345CB0B0000BDD79D5E4243454E
27220D7145B36E0207007C0E02130020584C464E810E0000C0D79D5E4243454E
F903EAD2FF1271020C009B270116002020204D59A5270000C9D79D5E5343454E
790731BA5839720205000E30010B002020495457FF2F0000D1D79D5E5343454E
C37A0D02E00F75020D00D9080210002020585053E1080000DBD79D5E5350454E
599BEDB5371576020300CF070114002020204D59C4070000E2D79D5E5343454E
C2AC51D587C0780209008212010A00202059505387120000E7D79D5E4243454E
92819BF19B867E020A000F1F0213004C474F4F470B1F0000F8D79D5E5350454E
F9FDF10E8DCA80020A00A42D011B002020495457B12D0000FFD79D5E5343454E
0416A94661CD81020C00742F0114002020202046722F000005D89D5E5343454E
E6156214E0C382020500EA09021B002020495457DD0900000AD89D5E5343454E
8C2592A6244984020C003F14010F004C474F4F47451400000FD89D5E4250454E
F2A3058531A0860202003E09022000204C5041414A09000015D89D5E5343454E
CDA2A1BD4082890207003A28010F0020205950532E2800001DD89D5E5350454E
376B66B54E018C02030091000220002020204D59A100000026D89D5E4250454E
3DDC003268A08D020400DB060117002020495457DB0600002CD89D5E5343454E
1D266AF1784D8F020A001C10011D0020202020461410000032D89D5E42507A44
1783ED6D548D90020B003726010F0020204954573726000039D89D5E4250454E
23115A2B412A94020A005F200211004C474F4F475F20000043D89D5E5350454E
5A168D68DA2697020B00110502080020584C464E0D05000056D89D5E53506A43
0472A22169979A020900241B010A002020585053101B00005AD89D5E4243454E
9734E83FE7D39D020900D222021E002020585053CC22000063D89D5E4250454E
7CFB4E6816F7A00207003C2D01100020202053453E2D000073D89D5E5350454E
D62F0BFB14B8A3020C00751502040020202020466B1500007BD89D5E4250454E
3ACB97EC29DBA6020A00790801120020584C464E730800007ED89D5E5343454E
C4C2894800A2A9020600B71302150020584C464EB813000085D89D5E5350454E
BEA5DDED787BAB020400FF020214002020585053020300008ED89D5E5343454E
51FF2F15C6DFAB020A008F2F011F00204C504141822F000098D89D5E5343454E
49550F972C04AD020C008A250211002020204D59922500009DD89D5E4243454E
F6DF4DE89050B10208008228010D0020205850538E280000A7D89D5E4250454E
30E153E8ED01B20205005A10010900202049545757100000AFD89D5E4243454E
AAE115BEA01BB5020A005F0A011F002020204D59630A0000B7D89D5E4243454E
44B3A5C9617EB60202001F2A011700204C5041411A2A0000C0D89D5E5343454E
3EAD8F565F38B8020200CB350221002020595053CA350000C6D89D5E5350454E
CA29989EF96AB90204007E16011C00202058505378160000CDD89D5E5343454E
5ED57029312FBA020200792D022300204C504141802D0000D2D89D5E4243454E
5F81E1B353FFBA020B0025390219002020204D591D390000DBD89D5E5350454E
A8E8BD9986B9BB020D007700010C002020204D5976000000DED89D5E5350454E
F86BFC93204EBC0203006F2D010F002020202046832D0000E4D89D5E5350454E
AE65BCC6DF2EBE020B00CB08020B002020204D59CF080000E7D89D5E4250454E
FE39CAAA918AC1020700390F01220020205850532E0F0000EBD89D5E5350454E
ADB080A02AA5C20203004002010800204C50414135020000EED89D5E5343454E
96130526AC98C50208007A39021A0020205850538D390000F6D89D5E5350454E
C05B3B88F3FFC5020B006E18011C00204C5041416E180000F9D89D5E5350454E
A2220E90B2DDC8020D006712010500204C50414169120000FDD89D5E4250454E
2B6824B5073FC9020D00CA380208002020495457C538000005D99D5E5350454E
67F14044FCF9C9020900132001100020584C464E232000000AD99D5E4250454E
16A42B5E822CCC020B001831010D0020205850531D31000013D99D5E53437753
5330681F954ACE0203000A0E0104002020585053FD0D00001BD99D5E4250454E
D6AFF11142D6CE020800030F010E002020595053FC0E00001ED99D5E5343454E
155C69EA6535D00204002826021F0020202020463B26000023D99D5E5343454E
CD5959A4D83FD202050031250220002020204D59282500002BD99D5E4250454E
FB5AE1EE7FC4D3020200D4260116002020202046D826000034D99D5E5343454E
5274090A5910D5020600C0240111004C474F4F47B324000037D99D5E4243454E
4004F17D75BAD70205007017021C002020202046791700003DD99D5E4243454E
1A3B4105C138DA020B002C2201200020205950532F22000043D99D5E5343454E
9966390D9BC2DB020B005526021D0020584C464E5B2600004BD99D5E4243454E
6CBD06FC3EF6DC020800951B010A0020202053459B1B000054D99D5E4243454E
F9FB71A16DD5DE020700AD140108002020205345AF14000059D99D5E5343454E
7FCBAEB7FBA0E1020700680E01060020584C464E730E00005FD99D5E5350454E
315933BBA32AE2020200632C021F002020205345742C000065D99D5E5343454E
D32161637337E5020400922D0114002020495457A42D00006FD99D5E4243454E
0CEF55FF2518E6020400442F0205002020202046532F000072D99D5E5350454E
96D6A7FD993EE8020D009921021B0020205850539221000076D99D5E5343454E
B37F8574DC64E9020B000D260104002020595053132600007FD99D5E4250454E
2638EB7C90CAED020B006A1E0210002020595053761E000091D99D5E4243454E
BDDB7F406244F10207004A20020A002020205345532000009AD99D5E5350454E
C4305DF1C652F20207003B2902050020584C464E2E290000A2D99D5E5343454E
0B6C503EA6E0F2020500F30C020C002020202046E20C0000A9D99D5E5343454E
659456A1BBAEF8020D00CB0102050020584C464ECE010000B5D99D5E5343454E
7390996B0D8EF9020500E130020A002020595053D9300000BED99D5E4250454E
56C126A939D1FB020600E2320111002020205345D7320000C2D99D5E42506541
F32F76BC6DA0FD0208004308020C0020584C464E40080000CCD99D5E5343454E
032C61D171BBFE020A00F70A021A002020595053080B0000D4D99D5E5350454E
6210047F8C9B010309000336021A002020204D590B360000DAD99D5E4243454E
63C68267BA7104030700F1120121002020204D59E5120000E0D99D5E4243454E
172B7137303607030A00F22E021C00204C504141F12E0000EAD99D5E5350454E
946B51D5439208030300740E02080020584C464E740E0000F3D99D5E5350454E
BC787EF1EA680A030C00B0110109002020595053A8110000F7D99D5E4243454E
60CC0430477C0D0303002F1E0220004C474F4F47411E0000FCD99D5E53506749
04AAA539ECA70E030300A829020F0020584C464EA229000004DA9D5E5350454E
24FA9322FC5510030800C61C0221002020205345CD1C00000ADA9D5E5350454E
8E4C1C0A2CBD12030D00FF090117002020495457070A00000DDA9D5E4243454E
C4460286850F16030300722D02080020204954576C2D000016DA9D5E4250454E
FAFF057F7FC916030500F513021B002020204D590914000020DA9D5E5343454E
87E9F9E5674E190306003215011A0020202020462E15000033DA9D5E5343454E
78790F06802E1C030A00172801150020205950532728000038DA9D5E5343454E
5EE7A609009C1C0303008418010500204C5041417D1800003FDA9D5E5343454E
8635A5314CC51F030600E8010210002020595053F901000043DA9D5E5350454E
C428101DCAD421030600EF2C0115002020204D59E52C000049DA9D5E4250454E
386DBE89736024030400623302030020202053456A3300004DDA9D5E4250454E
9533533B850C27030C004906021100204C5041414206000050DA9D5E4243454E
CA8EE0EADD7F2A0305008B0A011D002020595053980A000062DA9D5E5343454E
DEC3E82722EE2D0304002E2D020C00204C504141232D000069DA9D5E4250454E
902F15503E7B34030B006D2E0110002020204D596D2E000073DA9D5E5350454E
3F04C81A9A6E36030400E3140203004C474F4F47EF1400007BDA9D5E4243454E
9260B0BEEA1337030D00E6010206002020202046E00100007EDA9D5E5343454E
2A72131A41C7390302009F05010F002020595053A305000083DA9D5E4250454E
26DA0479884F3C0308002E140118002020204D593714000086DA9D5E4250454E
24C5114050A43F030500FF0F0115002020204D59041000008FDA9D5E5350454E
F5E231687B4B410303001C2101200020584C464E1A21000097DA9D5E4250454E
F06C9CA733A1440302000F0901180020584C464E02090000A1DA9D5E5350454E
4321910AED29450304003010021D00202058505328100000A7DA9D5E4243454E
402DE23D4F4148030B00F8100205002020205345F4100000B1DA9D5E5343454E
D107A2A12B3F4A030700791B010500204C5041416E1B0000B9DA9D5E4243454E
2A74D6A0D44C4D0306009D1801160020202020468F180000CBDA9D5E5343454E
FE8F30FB82E64F0307009704020700202020534589040000D8DA9D5E4243454E
22CE8AD8C28A52030200C5020215002020202046B4020000E1DA9D5E4250454E
8A9962C9730053030300CA2B011B002020205345DD2B0000E6DA9D5E5350454E
F339ADBCDBD854030700C72C011C002020595053B72C0000EADA9D5E4250454E
97CA85E630D857030900C7240223002020585053C1240000F1DA9D5E5350454E
E537892611FB5A0309002F1001150020202020461D100000F5DA9D5E5350454E
E3A239B57F595D030300F303020B00204C50414103040000FBDA9D5E5350454E
6FA5E88F2ABB60030C00831B021F002020205345881B0000FFDA9D5E5350454E
E060DC6F54EB630303007E38010C0020202020466A38000004DB9D5E4250454E
579F7CC18696640302007623011D0020584C464E7323000009DB9D5E4250454E
2893C165271667030200780102140020205850537B0100000DDB9D5E4250454E
9736D2D918286A0307005B26021E0020202053456426000011DB9D5E4243454E
A72B4EBF5A316D030200831D02170020202020468E1D000018DB9D5E4250454E
62E1A82944446F0302003E19010B0020202020463C1900001FDB9D5E5343454E
220610F15C1672030900D9190112002020205345CC19000026DB9D5E4250454E
52F963F99A35730305003E0E021400204C5041412C0E000030DB9D5E5343454E
07665848855F75030200C828011B002020595053C728000036DB9D5E4243454E
81BC1944A16D77030300BC01010F0020584C464EBE0100003DDB9D5E4250454E
350763CA81D979030400E60F0117004C474F4F47E30F000045DB9D5E4243454E
7EBB3B35F0467C030300D4120205004C474F4F47DC1200004DDB9D5E5350454E
BB6B92A41ABD7C030A00AB0D011B002020205345BB0D000055DB9D5E4250454E
1213226F8A9B7E030500503A011A002020204D594C3A00005DDB9D5E4243454E
DAE7CD6554E07F030800E0030110002020585053D103000063DB9D5E5343454E
D1686017341D81030500BB1D0106002020595053CB1D000067DB9D5E5350454E
61CC3164774782030700A3120116002020202046B61200006FDB9D5E4250454E
B9A13E03D11A85030A001C020103002020204D592802000076DB9D5E4243454E
239E4D0B6B67890304004C2401110020204954573924000083DB9D5E5350454E
A00CDC480C7F8C030900E821021E002020202046E02100008BDB9D5E5350454E
944ADAEC7A268F0302003B0F02230020584C464E380F00008FDB9D5E5343454E
1E372295771891030200261901140020584C464E2719000098DB9D5E5343454E
C916CA797FB997030B000E25020D004C474F4F4717250000ACDB9D5E5343454E
C9E82197402C990308006828022000202020204658280000B7DB9D5E5343454E
AD8B6F149A379C030200772B0214002020595053682B0000BADB9D5E5343454E
E9BCAB631EB49C0303003B2D02220020202020463C2D0000C3DB9D5E5343454E
657FFEF15E789D030A001F0E021100204C5041411C0E0000C6DB9D5E4243454E
182E875BD3F99F0306007D0B02060020584C464E690B0000D0DB9D5E5350454E
7FAAB3160D79A00309004F07010F00204C50414144070000D5DB9D5E5350454E
3B83920EB373A3030200561301080020584C464E65130000D8DB9D5E5350454E
3159DBD75147A4030C00222E0111002020204D59232E0000DBDB9D5E5343454E
7B144E7A5D7EA6030800CF210120002020202046CF210000E3DB9D5E4250454E
5417D07B4494A9030600B6110214004C474F4F47B6110000E8DB9D5E4243454E
6A0167E6CB7EAA030600A024010D002020204D59B1240000EBDB9D5E5343454E
1054EAE982AFAB030500661A0215002020205345561A0000EEDB9D5E4243454E
9650FB3CE34BAC030500222A020A002020585053122A0000F3DB9D5E5343454E
A7A235356E0BAE03020053010220002020204D5950010000FCDB9D5E5350454E
BD3FCC3E82B4B0030300DF230120002020595053D623000000DC9D5E5350454E
0880400C6B7BB20303004916011A0020584C464E4716000005DC9D5E5343454E
FFF06F69F844B4030200BC39011D002020202046AE3900000DDC9D5E4243454E
A393A4BBAA25B7030600951D0114002020204D59A11D000011DC9D5E4250454E
202F6C79AACCB8030800583A0113004C474F4F47623A000016DC9D5E5350454E
E83B1600FBFAB9030300BE110207004C474F4F47B811000020DC9D5E4250454E
799A99E33FBEBB030C003A1D02230020584C464E381D000027DC9D5E4243454E
883970DB4B13BD030B00F837011D002020595053F53700002DDC9D5E53436E59
457BBE1A9F38BE030A000D2902220020584C464E1E29000032DC9D5E5350454E
713CC34311E4C0030600FF020208002020595053EF0200003CDC9D5E5350454E
8FB0C001DEA3C2030D00E105021C004C474F4F47E005000042DC9D5E5343454E
0800C13F63ACC5030700EA120213002020585053E212000048DC9D5E4250454E
1F6851494093C8030500051501110020584C464E101500004FDC9D5E4250454E
98A7A6A0BE2CCC030800A034010B00204C504141A93400005EDC9D5E5350454E
DE9EED3DD100CF0307001D270204002020204D59202700006FDC9D5E4243454E
B7613B6A8B84D0030300A5310116002020204D59AC31000073DC9D5E5350454E
8ED2B04C597CD1030500132E011E004C474F4F47252E00007BDC9D5E4250454E
71F2437AEDC7D40308002629011D002020204D592429000089DC9D5E4250454E
45A9E1F6ACBBD5030D00523A0117004C474F4F47463A00008CDC9D5E5343454E
9A4CB6355CA7D7030400D30E020A004C474F4F47E50E000093DC9D5E4243704E
A9423DAC56E9DA030B00592F0111002020205345502F000098DC9D5E4243454E
37C925E74C15DD030C00472A010F002020585053472A00009BDC9D5E42507351
B9C3B4F3F18EE00307004601021900202049545745010000A5DC9D5E4243454E
9EE9430B09E5E2030A002B16011D0020202053452F160000AEDC9D5E5350454E
267298A41595E4030900E3110116002020585053DD110000B6DC9D5E5350454E
8C19510282BAE6030600980201220020584C464E9D020000BFDC9D5E5350454E
FF22FAEEB1C0E9030200BA370123002020595053C2370000C8DC9D5E5350454E
B8CF031CF4BDEC030A002E040205002020204D5925040000D2DC9D5E5343454E
F82C02112A56ED030C003F3802040020584C464E36380000D7DC9D5E5350454E
F3275FE878BBED0306007107011400202049545773070000DADC9D5E42506D55
F881B6AB73EFF00308002B10022200202058505336100000E2DC9D5E4250454E
EFBFE1313C68F40305006013020700202020204654130000E7DC9D5E5343454E
D0FF74E84511FA030400C0250111004C474F4F47AD250000F8DC9D5E4243454E
05FB90CB96BBFB030800D4320118002020202046E5320000FFDC9D5E5343454E
3FB9D9CB9907FD030400051C01070020202020460B1C000006DD9D5E4243454E
5CB1DAE630F3FD03060048170216002020204D594917000009DD9D5E4243454E
00BC0BEE05AAFE030700621A02080020205850534E1A000013DD9D5E5343454E
8FF4BDFAD69000040800DD00021700204C504141CB00000019DD9D5E4243454E
BD9E53674D9603040800002E02160020202053450B2E000022DD9D5E5350454E
E60D7AD79F2A05040900CA31021B0020584C464EB63100002ADD9D5E4243454E
872962F27EE4050402006433011F00204C504141503300002FDD9D5E4250454E
29DC7CB36DD507040D002321010B0020202020462D21000032DD9D5E5350454E
70F974A0904B0A040900F1170214002020495457E717000039DD9D5E5343454E
7FB2A112944B0B040700A629010E0020205850539E2900003FDD9D5E5343454E
035E7A635F140D040400BA2801170020584C464ECB28000042DD9D5E5350454E
FBA86D819BF10D040B00AD020219002020202046B40200004ADD9D5E4243454E
834B7A12ADBC12040D00510E011F00204C504141530E000058DD9D5E5343454E
3D64FDF42B7D150404005F1F021700204C5041416D1F00005DDD9D5E5343454E
3218B23E617116040300A40E0104002020495457A60E000062DD9D5E42507642
75E328B7E93C19040A007B210223002020595053852100006BDD9D5E4250454E
F20182D856C71C040500AB2B0218002020495457A52B000072DD9D5E5350454E
916F096B10C61F040300A2100207002020495457901000007CDD9D5E5350454E
66183A84D6B122040500B8360215002020495457BD36000082DD9D5E4243454E
DCCD1711414F2404060058390119004C474F4F474F39000087DD9D5E4243454E
CC6A4EE2BFAB260406005B0802150020584C464E6B0800008BDD9D5E5350454E
50C24245136427040D00F532020900204C504141FC32000094DD9D5E5343454E
C495C4BC654F2A040700CD2E02170020584C464EDF2E000097DD9D5E4243454E
69A32D9A79FD2A040A0063060110002020204D5971060000A1DD9D5E4243454E
158801CEE2A22C0402003A10021400202058505346100000AADD9D5E5343454E
AE55859816D72F040700810E020A002020595053710E0000AFDD9D5E5350454E
481B6D3E105A320407001A200203004C474F4F470E200000B9DD9D5E4243454E
25A816EB24A933040300C7150220002020495457BC150000BFDD9D5E5350454E
69F2893CF8EE35040C00151802160020584C464E0B180000C9DD9D5E5350454E
C603DC5E624537040600F235021400204C504141E3350000D1DD9D5E4250454E
90558CD4BC2139040500120E011B00204C504141050E0000D4DD9D5E4243454E
0737C0936A3B3B0403005D04021900202049545759040000DADD9D5E4243454E
C1C875CFDD003E040D009101021E00202058505394010000E1DD9D5E4243454E
E2E1294302DC3F040A00E10202200020584C464ED0020000EADD9D5E4243454E
C8BCE4B25B3041040500552401230020584C464E45240000EEDD9D5E4243454E
53F2FBE1C725420403001E35010B0020584C464E15350000F3DD9D5E4250454E
F00C9CE247AE420403008803010B004C474F4F4774030000FBDD9D5E5343454E
3F7DF86121C743040D0060100209002020204D5968100000FEDD9D5E4250454E
618C90F5F00447040500772A0211002020204D59832A000004DE9D5E5343454E
52AA205F6975480407004B2101050020202020463F21000007DE9D5E4250454E
8F61D9A65D944C040A00932A021D002020204D599A2A000019DE9D5E5343454E
DEAF06FC9CF44F040500F512010E002020595053F21200001FDE9D5E5350454E
C6D9D42141F352040500910F011D002020204D59940F000023DE9D5E5350454E
AA91100D1D2E54040800A61C0214002020595053B41C000028DE9D5E4250454E
F73F55EEC774560406006329010A002020204D59502900002CDE9D5E5350454E
0CD35C5C8758580409001D010212004C474F4F472101000034DE9D5E4250454E
5084F3A8204D590409004A3202070020205850535D32000038DE9D5E4250454E
3859D7D27CA560040500750201230020205850536A02000046DE9D5E5343454E
38F60D6C955362040500961202200020584C464E971200004CDE9D5E53506548
8B303669BBA764040800C5200112002020205345CC20000056DE9D5E4250454E
6EF5ADB1356D660405003927021D0020205850532C27000060DE9D5E5350454E
F5545144A7F769040700E739010E002020202046EE3900006ADE9D5E5343454E
93D50F20DD6E6D040800D22B01160020584C464ECF2B00006EDE9D5E4243454E
567E1AA735D86D0405005C30010A002020204D595A30000074DE9D5E4243454E
2E0587F4DD716E04040080190209002020205345891900007BDE9D5E5343454E
98C889CF43AE6F040D009B1C010C0020205850539D1C00007FDE9D5E4243454E
BD754F0ED20D73040900D61E0221004C474F4F47DD1E000086DE9D5E5350454E
409E115310E375040800182C01110020202020461B2C00008ADE9D5E5343454E
C35C7ACC106878040400402F021000204C504141422F000091DE9D5E4243454E
3B992EE00EF679040A00111E010D002020595053041E000099DE9D5E4243454E
CA61004440C87C0402000915020B0020584C464E0A1500009FDE9D5E5343454E
8FAA6EF63B2C7D040700BF23020E002020495457AD230000A5DE9D5E5343454E
1F8216A6BD3A7F0405002E01011F002020204D5926010000AFDE9D5E4243454E
8EAD3196839981040700F61E0115002020595053F01E0000B4DE9D5E5343454E
3B45A32CD5C783040A005D3A020D00204C504141693A0000BDDE9D5E4243454E
3DA6F5FF3DD686040200312201120020584C464E1E220000C0DE9D5E5350454E
5F4CE0E396DC880408005313020500204C50414165130000C3DE9D5E4250454E
5599FA8472BA8B040600A938020F00202049545796380000CCDE9D5E5343454E
964E5B3F82E68C0404006B24010C00202058505358240000D0DE9D5E5343454E
3EF1A0F46E778E040700FB36020400204C504141E9360000D5DE9D5E4243454E
B6C2368E3DBC91040200933701170020205850539D370000D8DE9D5E5343454E
E50B47A9725E93040B00AE1C01210020584C464EA51C0000DEDE9D5E53507A4B
C1E7BB634C5C96040C002F1B020F0020202053452D1B0000E7DE9D5E4250454E
C6B383358A8198040600D730011B002020204D59D8300000EDDE9D5E4243454E
BF09F76528FB9A040200D128011F0020584C464EC2280000F6DE9D5E5350454E
0BDB7E4C2C699B040B00EA310118002020495457F2310000F9DE9D5E5343454E
C2005F96C4109D040B00742B011900204C5041417D2B000001DF9D5E5343454E
E1F8DE2F5F5D9E04090004390220002020495457F83800000ADF9D5E4250454E
DB72D61A5D87A10407007507021D0020584C464E640700000DDF9D5E4243454E
86A90794660DA404050074370107002020585053603700001FDF9D5E4250454E
4D13448A10F6A6040300A41501170020202020469915000024DF9D5E4250454E
7FFA8DF5934AA9040400B02C010E002020204D59B42C00002BDF9D5E4250454E
8626C31EA388AA040500932201160020202020469622000034DF9D5E4250454E
2C1A47201966AD040A00F6110215002020205345EE1100003DDF9D5E4243454E
996D66099EEFAD040800E521010E002020595053F521000040DF9D5E5343454E
54193E8C98C5AF040B002C0102090020202020463501000043DF9D5E5350454E
94CBEBAA5104B204040088150109002020205345971500004CDF9D5E4250454E
AE40E14D6904B50407004329020A0020584C464E5029000051DF9D5E4250454E
814B9088D1F8B8040200D4110217002020202046E11100005BDF9D5E5350454E
F2E7BE1A3F94B9040A002F05021B00204C5041411C05000063DF9D5E5343454E
F001172AB816BB040200C5180203002020205345BC18000069DF9D5E5343454E
84741859A944BE0405009C2F0104002020495457A92F00006CDF9D5E4250454E
D00F11499FC8BE0408005A310107004C474F4F47653100006FDF9D5E4250454E
78608C950376C10403006E2C0108002020585053782C000075DF9D5E5350634F
1F7461E4D2A3C2040900F422021A0020205850530623000078DF9D5E4250454E
F664F9FC230AC5040A00E8250208002020205345F625000082DF9D5E5343454E
50A50362BD4FC60403004C2F0213002020202046472F000085DF9D5E5350454E
0E1C3C6F7E34C80408008D210106002020204D59962100008FDF9D5E4243454E
3C0330D58F5BCA040700520901120020584C464E4409000097DF9D5E4243454E
FF5AA65AB2B9CB0405004E06022200204C5041414A0600009EDF9D5E5350454E
1F1577CF4D39CD040700E2350211002020204D59F1350000A7DF9D5E4243454E
7C08F72E9542D204080085250113002020204D5980250000B7DF9D5E5343454E
1FBB35A7B30BD3040400990101130020584C464EA8010000BBDF9D5E5350454E
F9A4A529C1AFD304060085160209004C474F4F4790160000C3DF9D5E42436C49
A7BCED6011E7D5040700C027020E002020585053CC270000C8DF9D5E4243454E
DA1F09F0FE45D90409008D1702130020202020469D170000D1DF9D5E5343454E
D33BF0F52989DA0409009B260208002020205345A7260000D7DF9D5E5343454E
7D09ACBB05CFDD040B00B139020C002020585053BD390000DBDF9D5E4250454E
75A179AD8419E0040600872F0211004C474F4F47882F0000E2DF9D5E5350454E
0990E387799FE20404000E2102050020204954571D210000E5DF9D5E5350454E
C615D5A8E8B7E3040900A92E011D002020205345AB2E0000EFDF9D5E5350454E
3F894F3666C4E6040800AD370105002020495457A0370000F5DF9D5E4250454E
E36BB9F1E07DE80409006A24011200204C50414179240000FDDF9D5E5343454E
B0997B7472A0EA040C00EC080221004C474F4F47F008000000E09D5E5350454E
000000000000000000000000000000000000000000000000
